{"__type":"$$EventMessageAudit","id":"43206f37-9015-44eb-98ef-a6c97c8fef83","ts":"2025-11-04T16:11:38.657+05:30","eventName":"n8n.audit.workflow.updated","message":"n8n.audit.workflow.updated","payload":{"userId":"36b2dab0-99ff-4fd3-8948-98cdfb60cb05","_email":"athulvgopalakrishanan@neoito.com","_firstName":"vee","_lastName":"gee","globalRole":"global:owner","workflowId":"ZbArogIysj3cYdpO","workflowName":"upwork_agentic_loop"}}
{"__type":"$$EventMessageConfirm","confirm":"43206f37-9015-44eb-98ef-a6c97c8fef83","ts":"2025-11-04T16:11:38.658+05:30","source":{"id":"0","name":"eventBus"}}
{"__type":"$$EventMessageWorkflow","id":"5f60aef2-7de9-43da-b177-24478b381a42","ts":"2025-11-04T16:12:23.543+05:30","eventName":"n8n.workflow.started","message":"n8n.workflow.started","payload":{"executionId":"1606","workflowId":"ZbArogIysj3cYdpO","isManual":false,"workflowName":"upwork_agentic_loop"}}
{"__type":"$$EventMessageConfirm","confirm":"5f60aef2-7de9-43da-b177-24478b381a42","ts":"2025-11-04T16:12:23.543+05:30","source":{"id":"0","name":"eventBus"}}
{"__type":"$$EventMessageNode","id":"a9253345-ff39-4113-9528-4029805ab376","ts":"2025-11-04T16:12:23.546+05:30","eventName":"n8n.node.started","message":"n8n.node.started","payload":{"workflowId":"ZbArogIysj3cYdpO","workflowName":"upwork_agentic_loop","executionId":"1606","nodeType":"n8n-nodes-base.scheduleTrigger","nodeName":"Schedule Trigger","nodeId":"a811b494-6dfd-495a-b8bb-48f5ecc3f2f8"}}
{"__type":"$$EventMessageConfirm","confirm":"a9253345-ff39-4113-9528-4029805ab376","ts":"2025-11-04T16:12:23.546+05:30","source":{"id":"0","name":"eventBus"}}
{"__type":"$$EventMessageNode","id":"798374b2-43a0-4a48-82e0-d00dd25ded44","ts":"2025-11-04T16:12:23.554+05:30","eventName":"n8n.node.finished","message":"n8n.node.finished","payload":{"workflowId":"ZbArogIysj3cYdpO","workflowName":"upwork_agentic_loop","executionId":"1606","nodeType":"n8n-nodes-base.scheduleTrigger","nodeName":"Schedule Trigger","nodeId":"a811b494-6dfd-495a-b8bb-48f5ecc3f2f8"}}
{"__type":"$$EventMessageConfirm","confirm":"798374b2-43a0-4a48-82e0-d00dd25ded44","ts":"2025-11-04T16:12:23.554+05:30","source":{"id":"0","name":"eventBus"}}
{"__type":"$$EventMessageNode","id":"584bbe15-9b5c-4a70-8110-64ecb27267cc","ts":"2025-11-04T16:12:23.555+05:30","eventName":"n8n.node.started","message":"n8n.node.started","payload":{"workflowId":"ZbArogIysj3cYdpO","workflowName":"upwork_agentic_loop","executionId":"1606","nodeType":"n8n-nodes-base.httpRequest","nodeName":"Job Details API","nodeId":"358bab49-ff29-4cc9-9833-2afc2d0c659e"}}
{"__type":"$$EventMessageConfirm","confirm":"584bbe15-9b5c-4a70-8110-64ecb27267cc","ts":"2025-11-04T16:12:23.555+05:30","source":{"id":"0","name":"eventBus"}}
{"__type":"$$EventMessageNode","id":"ec67eb49-7afe-4587-b00e-13ec668c142f","ts":"2025-11-04T16:12:23.589+05:30","eventName":"n8n.node.finished","message":"n8n.node.finished","payload":{"workflowId":"ZbArogIysj3cYdpO","workflowName":"upwork_agentic_loop","executionId":"1606","nodeType":"n8n-nodes-base.httpRequest","nodeName":"Job Details API","nodeId":"358bab49-ff29-4cc9-9833-2afc2d0c659e"}}
{"__type":"$$EventMessageConfirm","confirm":"ec67eb49-7afe-4587-b00e-13ec668c142f","ts":"2025-11-04T16:12:23.589+05:30","source":{"id":"0","name":"eventBus"}}
{"__type":"$$EventMessageWorkflow","id":"27207511-6b4e-401b-893f-43c7a4db35af","ts":"2025-11-04T16:12:23.595+05:30","eventName":"n8n.workflow.success","message":"n8n.workflow.success","payload":{"userId":"36b2dab0-99ff-4fd3-8948-98cdfb60cb05","executionId":"1606","success":true,"isManual":true,"workflowId":"ZbArogIysj3cYdpO","workflowName":"upwork_agentic_loop"}}
{"__type":"$$EventMessageConfirm","confirm":"27207511-6b4e-401b-893f-43c7a4db35af","ts":"2025-11-04T16:12:23.595+05:30","source":{"id":"0","name":"eventBus"}}
{"__type":"$$EventMessageWorkflow","id":"1ec574c4-a727-415d-8044-37c79d7ddb40","ts":"2025-11-04T16:14:36.929+05:30","eventName":"n8n.workflow.started","message":"n8n.workflow.started","payload":{"executionId":"1607","workflowId":"ZbArogIysj3cYdpO","isManual":false,"workflowName":"upwork_agentic_loop"}}
{"__type":"$$EventMessageConfirm","confirm":"1ec574c4-a727-415d-8044-37c79d7ddb40","ts":"2025-11-04T16:14:36.929+05:30","source":{"id":"0","name":"eventBus"}}
{"__type":"$$EventMessageNode","id":"b9a10358-0b0a-4740-945f-6bf1ac6582c6","ts":"2025-11-04T16:14:36.930+05:30","eventName":"n8n.node.started","message":"n8n.node.started","payload":{"workflowId":"ZbArogIysj3cYdpO","workflowName":"upwork_agentic_loop","executionId":"1607","nodeType":"n8n-nodes-base.scheduleTrigger","nodeName":"Schedule Trigger","nodeId":"a811b494-6dfd-495a-b8bb-48f5ecc3f2f8"}}
{"__type":"$$EventMessageConfirm","confirm":"b9a10358-0b0a-4740-945f-6bf1ac6582c6","ts":"2025-11-04T16:14:36.930+05:30","source":{"id":"0","name":"eventBus"}}
{"__type":"$$EventMessageNode","id":"cb5c3bad-19f8-4680-8b13-4aee7a261b3c","ts":"2025-11-04T16:14:36.932+05:30","eventName":"n8n.node.finished","message":"n8n.node.finished","payload":{"workflowId":"ZbArogIysj3cYdpO","workflowName":"upwork_agentic_loop","executionId":"1607","nodeType":"n8n-nodes-base.scheduleTrigger","nodeName":"Schedule Trigger","nodeId":"a811b494-6dfd-495a-b8bb-48f5ecc3f2f8"}}
{"__type":"$$EventMessageConfirm","confirm":"cb5c3bad-19f8-4680-8b13-4aee7a261b3c","ts":"2025-11-04T16:14:36.932+05:30","source":{"id":"0","name":"eventBus"}}
{"__type":"$$EventMessageNode","id":"23aa6e19-6786-41d8-b931-d23f6d3d362b","ts":"2025-11-04T16:14:36.933+05:30","eventName":"n8n.node.started","message":"n8n.node.started","payload":{"workflowId":"ZbArogIysj3cYdpO","workflowName":"upwork_agentic_loop","executionId":"1607","nodeType":"n8n-nodes-base.httpRequest","nodeName":"Job Details API","nodeId":"358bab49-ff29-4cc9-9833-2afc2d0c659e"}}
{"__type":"$$EventMessageConfirm","confirm":"23aa6e19-6786-41d8-b931-d23f6d3d362b","ts":"2025-11-04T16:14:36.933+05:30","source":{"id":"0","name":"eventBus"}}
{"__type":"$$EventMessageNode","id":"923d4bb1-7033-4cf0-ae85-4b6efc199c96","ts":"2025-11-04T16:14:36.941+05:30","eventName":"n8n.node.finished","message":"n8n.node.finished","payload":{"workflowId":"ZbArogIysj3cYdpO","workflowName":"upwork_agentic_loop","executionId":"1607","nodeType":"n8n-nodes-base.httpRequest","nodeName":"Job Details API","nodeId":"358bab49-ff29-4cc9-9833-2afc2d0c659e"}}
{"__type":"$$EventMessageConfirm","confirm":"923d4bb1-7033-4cf0-ae85-4b6efc199c96","ts":"2025-11-04T16:14:36.941+05:30","source":{"id":"0","name":"eventBus"}}
{"__type":"$$EventMessageWorkflow","id":"8b9fde00-cf46-45fb-953a-429fc1d64654","ts":"2025-11-04T16:14:36.944+05:30","eventName":"n8n.workflow.success","message":"n8n.workflow.success","payload":{"userId":"36b2dab0-99ff-4fd3-8948-98cdfb60cb05","executionId":"1607","success":true,"isManual":true,"workflowId":"ZbArogIysj3cYdpO","workflowName":"upwork_agentic_loop"}}
{"__type":"$$EventMessageConfirm","confirm":"8b9fde00-cf46-45fb-953a-429fc1d64654","ts":"2025-11-04T16:14:36.944+05:30","source":{"id":"0","name":"eventBus"}}
{"__type":"$$EventMessageAudit","id":"76e07e74-ccf3-4a57-bba6-ff8dd5fee0cd","ts":"2025-11-04T16:26:02.910+05:30","eventName":"n8n.audit.workflow.updated","message":"n8n.audit.workflow.updated","payload":{"userId":"36b2dab0-99ff-4fd3-8948-98cdfb60cb05","_email":"athulvgopalakrishanan@neoito.com","_firstName":"vee","_lastName":"gee","globalRole":"global:owner","workflowId":"ZbArogIysj3cYdpO","workflowName":"upwork_agentic_loop"}}
{"__type":"$$EventMessageConfirm","confirm":"76e07e74-ccf3-4a57-bba6-ff8dd5fee0cd","ts":"2025-11-04T16:26:02.910+05:30","source":{"id":"0","name":"eventBus"}}
{"__type":"$$EventMessageAudit","id":"e9da61e1-815d-4cb1-b232-db117bedeee3","ts":"2025-11-04T16:26:17.700+05:30","eventName":"n8n.audit.workflow.updated","message":"n8n.audit.workflow.updated","payload":{"userId":"36b2dab0-99ff-4fd3-8948-98cdfb60cb05","_email":"athulvgopalakrishanan@neoito.com","_firstName":"vee","_lastName":"gee","globalRole":"global:owner","workflowId":"ZbArogIysj3cYdpO","workflowName":"upwork_agentic_loop"}}
{"__type":"$$EventMessageConfirm","confirm":"e9da61e1-815d-4cb1-b232-db117bedeee3","ts":"2025-11-04T16:26:17.700+05:30","source":{"id":"0","name":"eventBus"}}
